Using pre-set license

 COMMAND LINE ARGUMENTS:
/Users/robertingrum/src/unity/2020.3.2f1/Unity.app/Contents/MacOS/Unity
-adb2
-batchMode
-noUpm
-name
AssetImportWorker0
-projectPath
/Users/robertingrum/projects/Chaos
-logFile
Logs/AssetImportWorker0.log
-srvPort
56386
Successfully changed project path to: /Users/robertingrum/projects/Chaos
/Users/robertingrum/projects/Chaos
Using Asset Import Pipeline V2.
Refreshing native plugins compatible for Editor in 24.78 ms, found 1 plugins.
Preloading 0 native plugins for Editor in 0.00 ms.
Initialize engine version: 2020.3.2f1 (8fd9074bf66c)
[Subsystems] Discovering subsystems at path /Users/robertingrum/src/unity/2020.3.2f1/Unity.app/Contents/Resources/UnitySubsystems
[Subsystems] Discovering subsystems at path /Users/robertingrum/projects/Chaos/Assets
GfxDevice: creating device client; threaded=0
2021-04-15 16:46:18.155 Unity[49210:4520375] Color LCD preferred device: AMD Radeon Pro 5300M (high power)
2021-04-15 16:46:18.155 Unity[49210:4520375] Metal devices available: 2
2021-04-15 16:46:18.155 Unity[49210:4520375] 0: AMD Radeon Pro 5300M (high power)
2021-04-15 16:46:18.155 Unity[49210:4520375] 1: Intel(R) UHD Graphics 630 (low power)
2021-04-15 16:46:18.155 Unity[49210:4520375] Using device AMD Radeon Pro 5300M (high power)
Initializing Metal device caps: AMD Radeon Pro 5300M
Initialize mono
Mono path[0] = '/Users/robertingrum/src/unity/2020.3.2f1/Unity.app/Contents/Managed'
Mono path[1] = '/Users/robertingrum/src/unity/2020.3.2f1/Unity.app/Contents/MonoBleedingEdge/lib/mono/unityjit'
Mono config path = '/Users/robertingrum/src/unity/2020.3.2f1/Unity.app/Contents/MonoBleedingEdge/etc'
Using monoOptions --debugger-agent=transport=dt_socket,embedding=1,server=y,suspend=n,address=127.0.0.1:56210
Begin MonoManager ReloadAssembly
Registering precompiled unity dll's ...
Register platform support module: /Users/robertingrum/src/unity/2020.3.2f1/Unity.app/Contents/PlaybackEngines/MacStandaloneSupport/UnityEditor.OSXStandalone.Extensions.dll
Registered in 0.000502 seconds.
Native extension for OSXStandalone target not found
Refreshing native plugins compatible for Editor in 20.98 ms, found 1 plugins.
Preloading 0 native plugins for Editor in 0.00 ms.
Invoked RoslynAnalysisRunner static constructor.
RoslynAnalysisRunner will not be running.
RoslynAnalysisRunner has terminated.
Mono: successfully reloaded assembly
- Completed reload, in  1.710 seconds
Platform modules already initialized, skipping
Registering precompiled user dll's ...
Registered in 0.000400 seconds.
Begin MonoManager ReloadAssembly
Native extension for OSXStandalone target not found
Refreshing native plugins compatible for Editor in 0.18 ms, found 1 plugins.
Preloading 0 native plugins for Editor in 0.00 ms.
Invoked RoslynAnalysisRunner static constructor.
RoslynAnalysisRunner will not be running.
RoslynAnalysisRunner has terminated.
Mono: successfully reloaded assembly
- Completed reload, in  0.953 seconds
Platform modules already initialized, skipping
========================================================================
Worker process is ready to serve import requests
Launching external process: /Users/robertingrum/src/unity/2020.3.2f1/Unity.app/Contents/Tools/UnityShaderCompiler
Launched and connected shader compiler UnityShaderCompiler after 0.01 seconds
Refreshing native plugins compatible for Editor in 0.21 ms, found 1 plugins.
Preloading 0 native plugins for Editor in 0.00 ms.
Unloading 1115 Unused Serialized files (Serialized files now loaded: 0)
System memory in use before: 109.9 MB.
System memory in use after: 110.0 MB.

Unloading 10 unused Assets to reduce memory usage. Loaded Objects now: 1557.
Total: 2.203024 ms (FindLiveObjects: 0.173961 ms CreateObjectMapping: 0.048455 ms MarkObjects: 1.892558 ms  DeleteObjects: 0.086950 ms)

========================================================================
Received Import Request.
  path: Assets/Thirdparty
  artifactKey: Guid(4522eb747c7304c4eaad1b35271e646e) Importer(815301076,1909f56bfc062723c751e8b465ee728b)
Start importing Assets/Thirdparty using Guid(4522eb747c7304c4eaad1b35271e646e) Importer(815301076,1909f56bfc062723c751e8b465ee728b)  -> (artifact id: 'f41eaa8b29cbdaab7aa0d9085131b9da') in 0.004148 seconds
  Import took 0.006130 seconds .

========================================================================
Received Import Request.
  Time since last request: 17.549094 seconds.
  path: Assets/Thirdparty/Gridbox Prototype Materials
  artifactKey: Guid(407ef6291f2714cb18e4302dbf485eb8) Importer(815301076,1909f56bfc062723c751e8b465ee728b)
Start importing Assets/Thirdparty/Gridbox Prototype Materials using Guid(407ef6291f2714cb18e4302dbf485eb8) Importer(815301076,1909f56bfc062723c751e8b465ee728b)  -> (artifact id: '5e941fb66b0616a846d19bee2ab1bd7d') in 0.001121 seconds
  Import took 0.003007 seconds .

========================================================================
Received Import Request.
  Time since last request: 1.961840 seconds.
  path: Assets/Thirdparty/Gridbox Prototype Materials/Resources
  artifactKey: Guid(8d1c710911d4cd54c940b4db8ea99a02) Importer(815301076,1909f56bfc062723c751e8b465ee728b)
Start importing Assets/Thirdparty/Gridbox Prototype Materials/Resources using Guid(8d1c710911d4cd54c940b4db8ea99a02) Importer(815301076,1909f56bfc062723c751e8b465ee728b)  -> (artifact id: '596998f24f2a672e1b3659b9222eef86') in 0.000910 seconds
  Import took 0.002774 seconds .

========================================================================
Received Import Request.
  Time since last request: 1.772835 seconds.
  path: Assets/Thirdparty/Gridbox Prototype Materials/Resources/Textures
  artifactKey: Guid(a1eecf8d7e6ca0e4cbf451a621a5a5a5) Importer(815301076,1909f56bfc062723c751e8b465ee728b)
Start importing Assets/Thirdparty/Gridbox Prototype Materials/Resources/Textures using Guid(a1eecf8d7e6ca0e4cbf451a621a5a5a5) Importer(815301076,1909f56bfc062723c751e8b465ee728b)  -> (artifact id: '9b8c9037dc60bf1948a6b007d926a578') in 0.000874 seconds
  Import took 0.002693 seconds .

========================================================================
Received Import Request.
  Time since last request: 1.095965 seconds.
  path: Assets/Thirdparty/Gridbox Prototype Materials/Resources/Textures/Prototype Grid
  artifactKey: Guid(fc9460034f9ca0344843541b996a2199) Importer(815301076,1909f56bfc062723c751e8b465ee728b)
Start importing Assets/Thirdparty/Gridbox Prototype Materials/Resources/Textures/Prototype Grid using Guid(fc9460034f9ca0344843541b996a2199) Importer(815301076,1909f56bfc062723c751e8b465ee728b)  -> (artifact id: 'ea2ffbc1bc8e4bd3716c203fb34576c4') in 0.001132 seconds
  Import took 0.003053 seconds .

========================================================================
Received Import Request.
  Time since last request: 0.075830 seconds.
  path: Assets/Thirdparty/Gridbox Prototype Materials/Resources/Textures/Prototype Grid/prototype_512x512_blue1.png
  artifactKey: Guid(44cced520ecfd9f4292979a4fe8268c4) Importer(815301076,1909f56bfc062723c751e8b465ee728b)
Start importing Assets/Thirdparty/Gridbox Prototype Materials/Resources/Textures/Prototype Grid/prototype_512x512_blue1.png using Guid(44cced520ecfd9f4292979a4fe8268c4) Importer(815301076,1909f56bfc062723c751e8b465ee728b)  -> (artifact id: '116b53ccd390725bb916b946a8d7b9d4') in 1.070157 seconds
  Import took 1.072099 seconds .

========================================================================
Received Import Request.
  Time since last request: 0.000217 seconds.
  path: Assets/Thirdparty/Gridbox Prototype Materials/Resources/Textures/Prototype Grid/prototype_512x512_blue3.png
  artifactKey: Guid(b6fc60785b6a795478135ce6f7712c5a) Importer(815301076,1909f56bfc062723c751e8b465ee728b)
Start importing Assets/Thirdparty/Gridbox Prototype Materials/Resources/Textures/Prototype Grid/prototype_512x512_blue3.png using Guid(b6fc60785b6a795478135ce6f7712c5a) Importer(815301076,1909f56bfc062723c751e8b465ee728b)  -> (artifact id: 'e05dae7fa66ce4430903cd334e1e914a') in 0.011441 seconds
  Import took 0.013198 seconds .

========================================================================
Received Import Request.
  Time since last request: 0.000223 seconds.
  path: Assets/Thirdparty/Gridbox Prototype Materials/Resources/Textures/Prototype Grid/prototype_512x512_white.png
  artifactKey: Guid(9397418d1d7b12543bf27fb61b93bbea) Importer(815301076,1909f56bfc062723c751e8b465ee728b)
Start importing Assets/Thirdparty/Gridbox Prototype Materials/Resources/Textures/Prototype Grid/prototype_512x512_white.png using Guid(9397418d1d7b12543bf27fb61b93bbea) Importer(815301076,1909f56bfc062723c751e8b465ee728b)  -> (artifact id: '34c9aa9c187759878faa30fbdb088da3') in 0.028576 seconds
  Import took 0.030466 seconds .

========================================================================
Received Import Request.
  Time since last request: 0.000192 seconds.
  path: Assets/Thirdparty/Gridbox Prototype Materials/Resources/Textures/Prototype Grid/prototype_512x512_yellow.png
  artifactKey: Guid(ee12d2bc9f5c8554d97d5beb9dc4b275) Importer(815301076,1909f56bfc062723c751e8b465ee728b)
Start importing Assets/Thirdparty/Gridbox Prototype Materials/Resources/Textures/Prototype Grid/prototype_512x512_yellow.png using Guid(ee12d2bc9f5c8554d97d5beb9dc4b275) Importer(815301076,1909f56bfc062723c751e8b465ee728b)  -> (artifact id: '336ec98c640bc944b7ae24e083e8be65') in 0.010424 seconds
  Import took 0.012504 seconds .

========================================================================
Received Import Request.
  Time since last request: 0.000267 seconds.
  path: Assets/Thirdparty/Gridbox Prototype Materials/Resources/Textures/Prototype Grid/prototype_512x512_grey1.png
  artifactKey: Guid(dd29f35641da38647a1eeb1028211f1a) Importer(815301076,1909f56bfc062723c751e8b465ee728b)
Start importing Assets/Thirdparty/Gridbox Prototype Materials/Resources/Textures/Prototype Grid/prototype_512x512_grey1.png using Guid(dd29f35641da38647a1eeb1028211f1a) Importer(815301076,1909f56bfc062723c751e8b465ee728b)  -> (artifact id: '530b260d24b9a6abdba5f92bfbd438c2') in 0.008463 seconds
  Import took 0.010277 seconds .

========================================================================
Received Import Request.
  Time since last request: 0.000191 seconds.
  path: Assets/Thirdparty/Gridbox Prototype Materials/Resources/Textures/Prototype Grid/prototype_512x512_brown.png
  artifactKey: Guid(3c227d230cca14c42822692b6aff3459) Importer(815301076,1909f56bfc062723c751e8b465ee728b)
Start importing Assets/Thirdparty/Gridbox Prototype Materials/Resources/Textures/Prototype Grid/prototype_512x512_brown.png using Guid(3c227d230cca14c42822692b6aff3459) Importer(815301076,1909f56bfc062723c751e8b465ee728b)  -> (artifact id: 'e89f449677bb3e26b9d5850958e20a7b') in 0.008409 seconds
  Import took 0.010127 seconds .

========================================================================
Received Import Request.
  Time since last request: 0.000213 seconds.
  path: Assets/Thirdparty/Gridbox Prototype Materials/Resources/Textures/Prototype Grid/prototype_512x512_green2.png
  artifactKey: Guid(382df89af99b9f2459dd19206e68a63d) Importer(815301076,1909f56bfc062723c751e8b465ee728b)
Start importing Assets/Thirdparty/Gridbox Prototype Materials/Resources/Textures/Prototype Grid/prototype_512x512_green2.png using Guid(382df89af99b9f2459dd19206e68a63d) Importer(815301076,1909f56bfc062723c751e8b465ee728b)  -> (artifact id: '9afd3135f89b2b4f679cb5bdf0048ebc') in 0.006872 seconds
  Import took 0.008660 seconds .

========================================================================
Received Import Request.
  Time since last request: 0.000293 seconds.
  path: Assets/Thirdparty/Gridbox Prototype Materials/Resources/Textures/Prototype Grid/prototype_512x512_green1.png
  artifactKey: Guid(4967dfcee94bddd4ba1430cb6fa1f304) Importer(815301076,1909f56bfc062723c751e8b465ee728b)
Start importing Assets/Thirdparty/Gridbox Prototype Materials/Resources/Textures/Prototype Grid/prototype_512x512_green1.png using Guid(4967dfcee94bddd4ba1430cb6fa1f304) Importer(815301076,1909f56bfc062723c751e8b465ee728b)  -> (artifact id: '02b71175729d31101103db877f089442') in 0.007314 seconds
  Import took 0.009097 seconds .

========================================================================
Received Import Request.
  Time since last request: 0.000235 seconds.
  path: Assets/Thirdparty/Gridbox Prototype Materials/Resources/Textures/Prototype Grid/prototype_512x512_cyan.png
  artifactKey: Guid(6c35396cb8128474a8a73c6b19f2fe1f) Importer(815301076,1909f56bfc062723c751e8b465ee728b)
Start importing Assets/Thirdparty/Gridbox Prototype Materials/Resources/Textures/Prototype Grid/prototype_512x512_cyan.png using Guid(6c35396cb8128474a8a73c6b19f2fe1f) Importer(815301076,1909f56bfc062723c751e8b465ee728b)  -> (artifact id: '0227d563ee129094de80e00cd19a2050') in 0.008423 seconds
  Import took 0.010356 seconds .

========================================================================
Received Import Request.
  Time since last request: 0.000205 seconds.
  path: Assets/Thirdparty/Gridbox Prototype Materials/Resources/Textures/Prototype Grid/prototype_512x512_red.png
  artifactKey: Guid(3d6064e2e1cd7214e9f67f3a68f494fb) Importer(815301076,1909f56bfc062723c751e8b465ee728b)
Start importing Assets/Thirdparty/Gridbox Prototype Materials/Resources/Textures/Prototype Grid/prototype_512x512_red.png using Guid(3d6064e2e1cd7214e9f67f3a68f494fb) Importer(815301076,1909f56bfc062723c751e8b465ee728b)  -> (artifact id: 'b7e1c791811be791555e728b2e85724e') in 0.007424 seconds
  Import took 0.009317 seconds .

========================================================================
Received Import Request.
  Time since last request: 0.000235 seconds.
  path: Assets/Thirdparty/Gridbox Prototype Materials/Resources/Textures/Prototype Grid/prototype_512x512_purple.png
  artifactKey: Guid(aa0c741df9dd8634c8d84fd9ba2b0e3d) Importer(815301076,1909f56bfc062723c751e8b465ee728b)
Start importing Assets/Thirdparty/Gridbox Prototype Materials/Resources/Textures/Prototype Grid/prototype_512x512_purple.png using Guid(aa0c741df9dd8634c8d84fd9ba2b0e3d) Importer(815301076,1909f56bfc062723c751e8b465ee728b)  -> (artifact id: '11c3f846a98ebdcc73355506edce8575') in 0.008214 seconds
  Import took 0.010106 seconds .

========================================================================
Received Import Request.
  Time since last request: 0.000211 seconds.
  path: Assets/Thirdparty/Gridbox Prototype Materials/Resources/Textures/Prototype Grid/prototype_512x512_blue2.png
  artifactKey: Guid(17198718c5735204999fb13dc36e290f) Importer(815301076,1909f56bfc062723c751e8b465ee728b)
Start importing Assets/Thirdparty/Gridbox Prototype Materials/Resources/Textures/Prototype Grid/prototype_512x512_blue2.png using Guid(17198718c5735204999fb13dc36e290f) Importer(815301076,1909f56bfc062723c751e8b465ee728b)  -> (artifact id: 'adde8f30b2017338c8b14be634aac214') in 0.007370 seconds
  Import took 0.009400 seconds .

========================================================================
Received Import Request.
  Time since last request: 0.000233 seconds.
  path: Assets/Thirdparty/Gridbox Prototype Materials/Resources/Textures/Prototype Grid/prototype_512x512_orange.png
  artifactKey: Guid(fe3e0a556829be24bb87c912d79e872d) Importer(815301076,1909f56bfc062723c751e8b465ee728b)
Start importing Assets/Thirdparty/Gridbox Prototype Materials/Resources/Textures/Prototype Grid/prototype_512x512_orange.png using Guid(fe3e0a556829be24bb87c912d79e872d) Importer(815301076,1909f56bfc062723c751e8b465ee728b)  -> (artifact id: '3dc493bcba0dc3290a2714086cf537b2') in 0.009719 seconds
  Import took 0.011937 seconds .

========================================================================
Received Import Request.
  Time since last request: 0.000190 seconds.
  path: Assets/Thirdparty/Gridbox Prototype Materials/Resources/Textures/Prototype Grid/prototype_512x512_grey2.png
  artifactKey: Guid(37920ac3813690349a856bbe19a86e2b) Importer(815301076,1909f56bfc062723c751e8b465ee728b)
Start importing Assets/Thirdparty/Gridbox Prototype Materials/Resources/Textures/Prototype Grid/prototype_512x512_grey2.png using Guid(37920ac3813690349a856bbe19a86e2b) Importer(815301076,1909f56bfc062723c751e8b465ee728b)  -> (artifact id: 'a44ed0be45376cb9e5ef59a44eb587c2') in 0.008349 seconds
  Import took 0.010263 seconds .

========================================================================
Received Import Request.
  Time since last request: 0.000241 seconds.
  path: Assets/Thirdparty/Gridbox Prototype Materials/Resources/Textures/Prototype Grid/prototype_512x512_grey3.png
  artifactKey: Guid(d9c0dd5cdac07b145be73329e489869a) Importer(815301076,1909f56bfc062723c751e8b465ee728b)
Start importing Assets/Thirdparty/Gridbox Prototype Materials/Resources/Textures/Prototype Grid/prototype_512x512_grey3.png using Guid(d9c0dd5cdac07b145be73329e489869a) Importer(815301076,1909f56bfc062723c751e8b465ee728b)  -> (artifact id: '7a3ba295b356070edef4ec938d542024') in 0.007300 seconds
  Import took 0.009162 seconds .

========================================================================
Received Import Request.
  Time since last request: 0.000237 seconds.
  path: Assets/Thirdparty/Gridbox Prototype Materials/Resources/Textures/Prototype Grid/prototype_512x512_grey4.png
  artifactKey: Guid(ed0c2c8a99e92e14ba740ac8aa428288) Importer(815301076,1909f56bfc062723c751e8b465ee728b)
Start importing Assets/Thirdparty/Gridbox Prototype Materials/Resources/Textures/Prototype Grid/prototype_512x512_grey4.png using Guid(ed0c2c8a99e92e14ba740ac8aa428288) Importer(815301076,1909f56bfc062723c751e8b465ee728b)  -> (artifact id: '1154e06d941d8f5e3bad42a87c88f79c') in 0.009080 seconds
  Import took 0.010960 seconds .

========================================================================
Received Import Request.
  Time since last request: 0.013360 seconds.
  path: Assets/Thirdparty/Gridbox Prototype Materials/Resources/Textures/Prototype Grid/prototype_512x512_grey4.png
  artifactKey: Guid(ed0c2c8a99e92e14ba740ac8aa428288) Importer(815301076,1909f56bfc062723c751e8b465ee728b)
Start importing Assets/Thirdparty/Gridbox Prototype Materials/Resources/Textures/Prototype Grid/prototype_512x512_grey4.png using Guid(ed0c2c8a99e92e14ba740ac8aa428288) Importer(815301076,1909f56bfc062723c751e8b465ee728b)  -> (artifact id: '1154e06d941d8f5e3bad42a87c88f79c') in 0.010265 seconds
  Import took 0.012389 seconds .

========================================================================
Received Import Request.
  Time since last request: 155.024038 seconds.
  path: Assets/Prefabs
  artifactKey: Guid(4c20217c8151e48f09823bc510ec1485) Importer(815301076,1909f56bfc062723c751e8b465ee728b)
Start importing Assets/Prefabs using Guid(4c20217c8151e48f09823bc510ec1485) Importer(815301076,1909f56bfc062723c751e8b465ee728b)  -> (artifact id: '12a0be211a135804e646eefcb02689c1') in 0.001411 seconds
  Import took 0.003159 seconds .

========================================================================
Received Import Request.
  Time since last request: 14.794736 seconds.
  path: Assets/Prefabs/Base.prefab
  artifactKey: Guid(3360cf88601ad44aaa3defbf02db492d) Importer(815301076,1909f56bfc062723c751e8b465ee728b)
Start importing Assets/Prefabs/Base.prefab using Guid(3360cf88601ad44aaa3defbf02db492d) Importer(815301076,1909f56bfc062723c751e8b465ee728b)  -> (artifact id: '7bd666e89daaf7a69e5abdff3b8452d0') in 1.123225 seconds
  Import took 1.125115 seconds .

========================================================================
Received Import Request.
  Time since last request: 44.609981 seconds.
  path: Assets/Prefabs/Base.prefab
  artifactKey: Guid(3360cf88601ad44aaa3defbf02db492d) Importer(815301076,1909f56bfc062723c751e8b465ee728b)
Start importing Assets/Prefabs/Base.prefab using Guid(3360cf88601ad44aaa3defbf02db492d) Importer(815301076,1909f56bfc062723c751e8b465ee728b)  -> (artifact id: 'c48069e8a6b8a764fbca7f92a2b0d108') in 0.056850 seconds
  Import took 0.059002 seconds .

========================================================================
Received Import Request.
  Time since last request: 28.461410 seconds.
  path: Assets/Prefabs/Base.prefab
  artifactKey: Guid(3360cf88601ad44aaa3defbf02db492d) Importer(815301076,1909f56bfc062723c751e8b465ee728b)
Start importing Assets/Prefabs/Base.prefab using Guid(3360cf88601ad44aaa3defbf02db492d) Importer(815301076,1909f56bfc062723c751e8b465ee728b)  -> (artifact id: '76cfc18d8f834c5e71aa3043b9d5cd11') in 0.034173 seconds
  Import took 0.036228 seconds .

========================================================================
Received Import Request.
  Time since last request: 28.103014 seconds.
  path: Assets/Prefabs/Base.prefab
  artifactKey: Guid(3360cf88601ad44aaa3defbf02db492d) Importer(815301076,1909f56bfc062723c751e8b465ee728b)
Start importing Assets/Prefabs/Base.prefab using Guid(3360cf88601ad44aaa3defbf02db492d) Importer(815301076,1909f56bfc062723c751e8b465ee728b)  -> (artifact id: '9c26cb123cc98cb1f06996f8e67d71de') in 0.028336 seconds
  Import took 0.030708 seconds .

========================================================================
Received Import Request.
  Time since last request: 6.849411 seconds.
  path: Assets/Prefabs/Base.prefab
  artifactKey: Guid(3360cf88601ad44aaa3defbf02db492d) Importer(815301076,1909f56bfc062723c751e8b465ee728b)
Start importing Assets/Prefabs/Base.prefab using Guid(3360cf88601ad44aaa3defbf02db492d) Importer(815301076,1909f56bfc062723c751e8b465ee728b)  -> (artifact id: '2a2c84d2ebf99c53150a7ee781e725ba') in 0.033211 seconds
  Import took 0.035305 seconds .

========================================================================
Received Import Request.
  Time since last request: 4.619958 seconds.
  path: Assets/Prefabs/Base.prefab
  artifactKey: Guid(3360cf88601ad44aaa3defbf02db492d) Importer(815301076,1909f56bfc062723c751e8b465ee728b)
Start importing Assets/Prefabs/Base.prefab using Guid(3360cf88601ad44aaa3defbf02db492d) Importer(815301076,1909f56bfc062723c751e8b465ee728b)  -> (artifact id: '3e46ed53c4608b8c53afb3db75451bab') in 0.028016 seconds
  Import took 0.030415 seconds .

========================================================================
Received Import Request.
  Time since last request: 291.355648 seconds.
  path: Assets/Prefabs/Base.prefab
  artifactKey: Guid(3360cf88601ad44aaa3defbf02db492d) Importer(815301076,1909f56bfc062723c751e8b465ee728b)
Start importing Assets/Prefabs/Base.prefab using Guid(3360cf88601ad44aaa3defbf02db492d) Importer(815301076,1909f56bfc062723c751e8b465ee728b)  -> (artifact id: '71418d915fa814d1c5204fe7db866faf') in 0.008244 seconds
  Import took 0.010207 seconds .

========================================================================
Received Import Request.
  Time since last request: 204.814489 seconds.
  path: Assets/Scripts
  artifactKey: Guid(ee2f1013adb5c4879a06ab3aa7119ca8) Importer(815301076,1909f56bfc062723c751e8b465ee728b)
Start importing Assets/Scripts using Guid(ee2f1013adb5c4879a06ab3aa7119ca8) Importer(815301076,1909f56bfc062723c751e8b465ee728b)  -> (artifact id: '41195ed1bbb58055a94c5f83cf04e975') in 0.001488 seconds
  Import took 0.003505 seconds .

========================================================================
Received Prepare
Registering precompiled user dll's ...
Registered in 0.000465 seconds.
Begin MonoManager ReloadAssembly
Native extension for OSXStandalone target not found
Refreshing native plugins compatible for Editor in 0.20 ms, found 1 plugins.
Preloading 0 native plugins for Editor in 0.00 ms.
Invoked RoslynAnalysisRunner static constructor.
RoslynAnalysisRunner will not be running.
RoslynAnalysisRunner has terminated.
Mono: successfully reloaded assembly
- Completed reload, in  0.823 seconds
Platform modules already initialized, skipping
Refreshing native plugins compatible for Editor in 0.19 ms, found 1 plugins.
Preloading 0 native plugins for Editor in 0.00 ms.
Unloading 1111 Unused Serialized files (Serialized files now loaded: 0)
System memory in use before: 122.1 MB.
System memory in use after: 122.2 MB.

Unloading 6 unused Assets to reduce memory usage. Loaded Objects now: 1571.
Total: 1.660609 ms (FindLiveObjects: 0.151574 ms CreateObjectMapping: 0.037979 ms MarkObjects: 1.412547 ms  DeleteObjects: 0.057343 ms)

========================================================================
Received Import Request.
  Time since last request: 129.738755 seconds.
  path: Assets/Prefabs/Base.prefab
  artifactKey: Guid(3360cf88601ad44aaa3defbf02db492d) Importer(815301076,1909f56bfc062723c751e8b465ee728b)
Start importing Assets/Prefabs/Base.prefab using Guid(3360cf88601ad44aaa3defbf02db492d) Importer(815301076,1909f56bfc062723c751e8b465ee728b)  -> (artifact id: 'dbdd1e1bb2e0cbca2085c325499f21e0') in 0.068843 seconds
  Import took 0.070884 seconds .

